2021-12-07 20:21:14 - INFO - "GET / HTTP/1.1" 200 1219
2021-12-07 20:21:14 - INFO - "GET /static/style.css HTTP/1.1" 200 648
2021-12-07 20:31:32 - INFO - "GET / HTTP/1.1" 200 1219
2021-12-07 20:31:32 - INFO - "GET /static/style.css HTTP/1.1" 304 0
2021-12-08 18:54:19 - INFO - "GET / HTTP/1.1" 200 1219
2021-12-08 18:54:19 - INFO - "GET /static/style.css HTTP/1.1" 304 0
2021-12-08 18:54:19 - WARNING - "GET /shoe HTTP/1.1" 404 1536
2021-12-08 18:54:19 - WARNING - "GET /shoes HTTP/1.1" 404 1536
2021-12-08 18:54:19 - INFO - "GET / HTTP/1.1" 200 1219
2021-12-08 18:54:19 - INFO - "GET /static/style.css HTTP/1.1" 304 0
2021-12-08 19:14:09 - INFO - "GET / HTTP/1.1" 200 1219
2021-12-08 19:14:09 - INFO - "GET /static/style.css HTTP/1.1" 304 0
2021-12-08 19:14:09 - WARNING - "GET /shoe HTTP/1.1" 404 1536
2021-12-08 19:14:09 - WARNING - "GET /shoes HTTP/1.1" 404 1536
2021-12-08 19:40:34 - INFO - "GET /shoe HTTP/1.1" 200 1174
2021-12-08 19:40:34 - INFO - "GET /shoe/1 HTTP/1.1" 200 315
2021-12-08 19:40:34 - INFO - "GET /shoe/2 HTTP/1.1" 200 301
2021-12-08 19:40:34 - INFO - "GET /shoe/3 HTTP/1.1" 200 274
2021-12-08 19:40:34 - INFO - "GET /shoe HTTP/1.1" 200 1174
2021-12-08 19:40:34 - INFO - "GET /shoe HTTP/1.1" 200 1174
2021-12-08 19:40:34 - INFO - "POST /shoe HTTP/1.1" 200 266
2021-12-08 19:40:34 - INFO - "GET /shoe HTTP/1.1" 200 1458
2021-12-08 19:40:34 - INFO - "DELETE /shoe/5 HTTP/1.1" 200 284
2021-12-08 19:40:34 - INFO - "GET /shoe/5 HTTP/1.1" 200 2
2021-12-08 19:40:34 - INFO - "GET /shoe HTTP/1.1" 200 1174
2021-12-08 19:40:34 - INFO - "PUT /shoe/4 HTTP/1.1" 200 284
2021-12-08 19:40:34 - INFO - "GET /shoe HTTP/1.1" 200 1174
2021-12-08 19:40:34 - INFO - "POST /shoe HTTP/1.1" 200 266
2021-12-08 19:40:34 - INFO - "POST /shoe HTTP/1.1" 200 266
2021-12-08 19:40:34 - INFO - "POST /shoe HTTP/1.1" 200 266
2021-12-08 19:40:34 - INFO - "GET /shoe HTTP/1.1" 200 2026
2021-12-08 19:40:34 - INFO - "GET /shoe HTTP/1.1" 200 2026
2021-12-08 20:44:05 - INFO - "GET / HTTP/1.1" 200 1219
2021-12-08 20:44:05 - INFO - "GET /static/style.css HTTP/1.1" 304 0
2021-12-08 20:44:05 - INFO - "GET /shoe HTTP/1.1" 200 2026
